baseproject2/app/build/intermediates/manifest_merge_blame_file/release/manifest-merger-blame-release-report.txt
1<?xml version="1.0" encoding="utf-8"?>
2<manifest xmlns:android="http://schemas.android.com/apk/res/android"
3    package="com.gozdekahraman.currencyapp"
4    android:versionCode="1"
5    android:versionName="1.1" >
6
7    <uses-sdk
8        android:minSdkVersion="21"
8-->src\main\AndroidManifest.xml
9        android:targetSdkVersion="28" />
9-->src\main\AndroidManifest.xml
10
11    <uses-permission android:name="android.permission.INTERNET" />
11-->src\main\AndroidManifest.xml:6:5-67
11-->src\main\AndroidManifest.xml:6:22-64
12    <uses-permission android:name="android.permission.ACCESS_NETWORK_STATE" />
12-->src\main\AndroidManifest.xml:7:5-79
12-->src\main\AndroidManifest.xml:7:22-76
13    <uses-permission android:name="android.permission.ACCESS_WIFI_STATE" />
13-->src\main\AndroidManifest.xml:8:5-76
13-->src\main\AndroidManifest.xml:8:22-73
14
15    <application
15-->src\main\AndroidManifest.xml:10:5-31:19
16        android:name="com.gozdekahraman.currencyapp.App"
16-->src\main\AndroidManifest.xml:11:9-28
17        android:appComponentFactory="androidx.core.app.CoreComponentFactory"
17-->[androidx.core:core:1.3.0] AndroidManifest.xml:24:18-86
18        android:icon="@drawable/ico_logo"
18-->src\main\AndroidManifest.xml:12:9-42
19        android:label="@string/app_name"
19-->src\main\AndroidManifest.xml:13:9-41
20        android:largeHeap="true"
20-->src\main\AndroidManifest.xml:14:9-33
21        android:roundIcon="@drawable/ico_logo"
21-->src\main\AndroidManifest.xml:15:9-47
22        android:supportsRtl="true"
22-->src\main\AndroidManifest.xml:16:9-35
23        android:theme="@style/AppTheme.NoTitleBar" >
23-->src\main\AndroidManifest.xml:17:9-51
24        <activity
24-->src\main\AndroidManifest.xml:20:9-30:20
25            android:name="com.gozdekahraman.currencyapp.MainActivity"
25-->src\main\AndroidManifest.xml:21:13-41
26            android:screenOrientation="portrait"
26-->src\main\AndroidManifest.xml:22:13-49
27            android:theme="@style/AppTheme.NoTitleBar"
27-->src\main\AndroidManifest.xml:23:13-55
28            android:windowSoftInputMode="adjustPan|stateAlwaysHidden" >
28-->src\main\AndroidManifest.xml:24:13-70
29            <intent-filter>
29-->src\main\AndroidManifest.xml:25:13-29:29
30                <action android:name="android.intent.action.MAIN" />
30-->src\main\AndroidManifest.xml:26:17-69
30-->src\main\AndroidManifest.xml:26:25-66
31
32                <category android:name="android.intent.category.LAUNCHER" />
32-->src\main\AndroidManifest.xml:28:17-77
32-->src\main\AndroidManifest.xml:28:27-74
33            </intent-filter>
34        </activity>
35
36        <provider
36-->[androidx.lifecycle:lifecycle-process:2.2.0] AndroidManifest.xml:25:9-29:43
37            android:name="androidx.lifecycle.ProcessLifecycleOwnerInitializer"
37-->[androidx.lifecycle:lifecycle-process:2.2.0] AndroidManifest.xml:26:13-79
38            android:authorities="com.gozdekahraman.currencyapp.lifecycle-process"
38-->[androidx.lifecycle:lifecycle-process:2.2.0] AndroidManifest.xml:27:13-69
39            android:exported="false"
39-->[androidx.lifecycle:lifecycle-process:2.2.0] AndroidManifest.xml:28:13-37
40            android:multiprocess="true" />
40-->[androidx.lifecycle:lifecycle-process:2.2.0] AndroidManifest.xml:29:13-40
41    </application>
42
43</manifest>